<?xml version="1.0" encoding="UTF-8"?>
<testng-results skipped="1" failed="0" ignored="0" total="3" passed="2">
  <reporter-output>
  </reporter-output>
  <suite name="SuiteName" duration-ms="14978" started-at="2018-04-06T09:53:26Z" finished-at="2018-04-06T09:53:41Z">
    <groups>
    </groups>
    <test name="Login Test" duration-ms="14364" started-at="2018-04-06T09:53:26Z" finished-at="2018-04-06T09:53:40Z">
      <class name="qa.busuu.pom.testcases.LoginTest">
        <test-method status="PASS" signature="doLogin(java.util.Hashtable)[pri:0, instance:qa.busuu.pom.testcases.LoginTest@233795b6]" name="doLogin" duration-ms="12721" started-at="2018-04-06T10:53:26Z" data-provider="getData" finished-at="2018-04-06T10:53:38Z">
          <params>
            <param index="0">
              <value>
                <![CDATA[{Username=rajitha.sri08@gmail.com, ExpectedResult=Success, Password=qqqq1111, Runmode=Y, Browser=Mozilla}]]>
              </value>
            </param>
          </params>
          <reporter-output>
          </reporter-output>
        </test-method> <!-- doLogin -->
        <test-method status="PASS" signature="quit()[pri:0, instance:qa.busuu.pom.testcases.LoginTest@233795b6]" name="quit" is-config="true" duration-ms="1583" started-at="2018-04-06T10:53:38Z" finished-at="2018-04-06T10:53:40Z">
          <reporter-output>
          </reporter-output>
        </test-method> <!-- quit -->
        <test-method status="SKIP" signature="doLogin(java.util.Hashtable)[pri:0, instance:qa.busuu.pom.testcases.LoginTest@233795b6]" name="doLogin" duration-ms="1" started-at="2018-04-06T10:53:40Z" data-provider="getData" finished-at="2018-04-06T10:53:40Z">
          <params>
            <param index="0">
              <value>
                <![CDATA[{Username=rajitha.sri08@gmail.com, ExpectedResult=Success, Password=qqqq1111, Runmode=N, Browser=Chrome}]]>
              </value>
            </param>
          </params>
          <exception class="org.testng.SkipException">
            <message>
              <![CDATA[Skipping the test as Rnumode is N]]>
            </message>
            <full-stacktrace>
              <![CDATA[org.testng.SkipException: Skipping the test as Rnumode is N
	at qa.busuu.pom.testcases.LoginTest.doLogin(LoginTest.java:31)
	at sun.reflect.NativeMethodAccessorImpl.invoke0(Native Method)
	at sun.reflect.NativeMethodAccessorImpl.invoke(NativeMethodAccessorImpl.java:62)
	at sun.reflect.DelegatingMethodAccessorImpl.invoke(DelegatingMethodAccessorImpl.java:43)
	at java.lang.reflect.Method.invoke(Method.java:498)
	at org.testng.internal.MethodInvocationHelper.invokeMethod(MethodInvocationHelper.java:108)
	at org.testng.internal.Invoker.invokeMethod(Invoker.java:661)
	at org.testng.internal.Invoker.invokeTestMethod(Invoker.java:869)
	at org.testng.internal.Invoker.invokeTestMethods(Invoker.java:1193)
	at org.testng.internal.TestMethodWorker.invokeTestMethods(TestMethodWorker.java:126)
	at org.testng.internal.TestMethodWorker.run(TestMethodWorker.java:109)
	at org.testng.TestRunner.privateRun(TestRunner.java:744)
	at org.testng.TestRunner.run(TestRunner.java:602)
	at org.testng.SuiteRunner.runTest(SuiteRunner.java:380)
	at org.testng.SuiteRunner.access$000(SuiteRunner.java:39)
	at org.testng.SuiteRunner$SuiteWorker.run(SuiteRunner.java:414)
	at org.testng.internal.thread.ThreadUtil$1.call(ThreadUtil.java:52)
	at java.util.concurrent.FutureTask.run(FutureTask.java:266)
	at java.util.concurrent.ThreadPoolExecutor.runWorker(ThreadPoolExecutor.java:1149)
	at java.util.concurrent.ThreadPoolExecutor$Worker.run(ThreadPoolExecutor.java:624)
	at java.lang.Thread.run(Thread.java:748)
]]>
            </full-stacktrace>
          </exception> <!-- org.testng.SkipException -->
          <reporter-output>
          </reporter-output>
        </test-method> <!-- doLogin -->
        <test-method status="PASS" signature="quit()[pri:0, instance:qa.busuu.pom.testcases.LoginTest@233795b6]" name="quit" is-config="true" duration-ms="34" started-at="2018-04-06T10:53:40Z" finished-at="2018-04-06T10:53:40Z">
          <reporter-output>
          </reporter-output>
        </test-method> <!-- quit -->
      </class> <!-- qa.busuu.pom.testcases.LoginTest -->
    </test> <!-- Login Test -->
    <test name="Change Password Test" duration-ms="14978" started-at="2018-04-06T09:53:26Z" finished-at="2018-04-06T09:53:41Z">
      <class name="qa.busuu.pom.testcases.ChangePasswordTest">
        <test-method status="PASS" signature="changePasswordTest(java.util.Hashtable)[pri:0, instance:qa.busuu.pom.testcases.ChangePasswordTest@2aceadd4]" name="changePasswordTest" duration-ms="14744" started-at="2018-04-06T10:53:26Z" data-provider="getData" finished-at="2018-04-06T10:53:40Z">
          <params>
            <param index="0">
              <value>
                <![CDATA[{NewPassword=qqqq1111, Username=rajitha.sri08@gmail.com, OldPassword=qqqq1111, ExpectedResult=Success, Runmode=Y, Browser=Mozilla}]]>
              </value>
            </param>
          </params>
          <reporter-output>
          </reporter-output>
        </test-method> <!-- changePasswordTest -->
        <test-method status="PASS" signature="quit()[pri:0, instance:qa.busuu.pom.testcases.ChangePasswordTest@2aceadd4]" name="quit" is-config="true" duration-ms="212" started-at="2018-04-06T10:53:40Z" finished-at="2018-04-06T10:53:41Z">
          <reporter-output>
          </reporter-output>
        </test-method> <!-- quit -->
      </class> <!-- qa.busuu.pom.testcases.ChangePasswordTest -->
    </test> <!-- Change Password Test -->
  </suite> <!-- SuiteName -->
</testng-results>
