<?xml version="1.0" encoding="UTF-8"?>
<!-- Generated by org.testng.reporters.JUnitXMLReporter -->
<testsuite hostname="Sridhars-MacBook-Pro.local" ignored="0" name="Default test" tests="2" failures="0" timestamp="06 Apr 2018 09:51:42 GMT" time="11.524" errors="0">
  <testcase name="doLogin" time="11.012" classname="qa.busuu.pom.testcases.LoginTest"/>
  <testcase name="doLogin" time="0.002" classname="qa.busuu.pom.testcases.LoginTest">
    <skipped/>
  </testcase> <!-- doLogin -->
</testsuite> <!-- Default test -->
