<?xml version="1.0" encoding="UTF-8"?>
<!-- Generated by org.testng.reporters.JUnitXMLReporter -->
<testsuite hostname="Sridhars-MacBook-Pro.local" ignored="0" name="Login Test" tests="2" failures="0" timestamp="06 Apr 2018 09:53:40 GMT" time="14.364" errors="0">
  <testcase name="doLogin" time="12.721" classname="qa.busuu.pom.testcases.LoginTest"/>
  <testcase name="doLogin" time="0.001" classname="qa.busuu.pom.testcases.LoginTest">
    <skipped/>
  </testcase> <!-- doLogin -->
</testsuite> <!-- Login Test -->
