<?xml version="1.0" encoding="UTF-8"?>
<!-- Generated by org.testng.reporters.JUnitXMLReporter -->
<testsuite hostname="Sridhars-MacBook-Pro-4.local" ignored="0" name="Profile Test" tests="1" failures="1" timestamp="05 Apr 2018 12:28:04 GMT" time="0.891" errors="0">
  <testcase name="testProfile" time="0.674" classname="qa.busuu.pom.testcases.ProfileTest">
    <failure type="java.lang.NullPointerException">
      <![CDATA[java.lang.NullPointerException
	at qa.busuu.pom.testcases.base.BaseTest.init(BaseTest.java:69)
	at qa.busuu.pom.testcases.ProfileTest.testProfile(ProfileTest.java:32)
	at java.util.concurrent.FutureTask.run(FutureTask.java:266)
	at java.util.concurrent.ThreadPoolExecutor.runWorker(ThreadPoolExecutor.java:1142)
	at java.util.concurrent.ThreadPoolExecutor$Worker.run(ThreadPoolExecutor.java:617)
	at java.lang.Thread.run(Thread.java:745)
... Removed 16 stack frames]]>
    </failure>
  </testcase> <!-- testProfile -->
</testsuite> <!-- Profile Test -->
